<?xml version="1.0" encoding="UTF-8"?>
<!-- Generated by org.testng.reporters.JUnitXMLReporter -->
<testsuite ignored="0" hostname="Bat-Computer" failures="1" tests="2" name="Default test" time="25.381" errors="0" timestamp="2026-05-14T16:52:33 IST">
  <testcase classname="io.cucumber.testng.AbstractTestNGCucumberTests" name="runScenario" time="13.121">
    <failure type="java.lang.NullPointerException" message="Cannot invoke &amp;quot;org.openqa.selenium.WebDriver.manage()&amp;quot; because &amp;quot;this.driver&amp;quot; is null">
      <![CDATA[java.lang.NullPointerException: Cannot invoke "org.openqa.selenium.WebDriver.manage()" because "this.driver" is null
at actions.OPD_SearchActions.verifySearchnameResult(OPD_SearchActions.java:33)
at definitions.OPD_SearchDefinitions.the_patient_table_should_display_patient_records_containing_the_name_maria(OPD_SearchDefinitions.java:51)
at ✽.the patient table should display "The single record for Patient ID "Maria""(file:///E:/SmartHospital/Automation-Testing-Project/src/test/resources/features/opd/Search.feature:15)
]]>
    </failure>
  </testcase> <!-- runScenario -->
  <testcase classname="io.cucumber.testng.AbstractTestNGCucumberTests" name="runScenario" time="11.545"/>
</testsuite> <!-- Default test -->
