<?xml version="1.0" encoding="UTF-8"?>
<testng-results ignored="0" total="5" passed="5" failed="0" skipped="0">
  <reporter-output>
  </reporter-output>
  <suite started-at="2026-05-15T00:01:49 IST" name="Surefire suite" finished-at="2026-05-15T00:02:54 IST" duration-ms="64889">
    <groups>
      <group name="cucumber">
        <method signature="AbstractTestNGCucumberTests.runScenario(io.cucumber.testng.PickleWrapper,io.cucumber.testng.FeatureWrapper)[pri:0, instance:runner.TestRunner@3e08ff24]" name="runScenario" class="io.cucumber.testng.AbstractTestNGCucumberTests"/>
      </group> <!-- cucumber -->
    </groups>
    <test started-at="2026-05-15T00:01:49 IST" name="Surefire test" finished-at="2026-05-15T00:02:54 IST" duration-ms="64889">
      <class name="runner.TestRunner">
        <test-method is-config="true" signature="setUpClass(org.testng.ITestContext)[pri:0, instance:runner.TestRunner@3e08ff24]" started-at="2026-05-15T00:01:49 IST" name="setUpClass" finished-at="2026-05-15T00:01:50 IST" duration-ms="1078" status="PASS">
          <params>
            <param index="0">
              <value>
                <![CDATA[org.testng.TestRunner@238ad211]]>
              </value>
            </param>
          </params>
          <reporter-output>
          </reporter-output>
        </test-method> <!-- setUpClass -->
        <test-method signature="runScenario(io.cucumber.testng.PickleWrapper,io.cucumber.testng.FeatureWrapper)[pri:0, instance:runner.TestRunner@3e08ff24]" started-at="2026-05-15T00:01:50 IST" name="runScenario" description="Runs Cucumber Scenarios" data-provider="scenarios" finished-at="2026-05-15T00:02:04 IST" duration-ms="14395" status="PASS">
          <params>
            <param index="0">
              <value>
                <![CDATA["Login with invalid email and password"]]>
              </value>
            </param>
            <param index="1">
              <value>
                <![CDATA["M_VIGNESHWARAN_2026_05_05_SmartHospital_LoginFeature"]]>
              </value>
            </param>
          </params>
          <reporter-output>
          </reporter-output>
        </test-method> <!-- runScenario -->
        <test-method signature="runScenario(io.cucumber.testng.PickleWrapper,io.cucumber.testng.FeatureWrapper)[pri:0, instance:runner.TestRunner@3e08ff24]" started-at="2026-05-15T00:02:04 IST" name="runScenario" description="Runs Cucumber Scenarios" data-provider="scenarios" finished-at="2026-05-15T00:02:19 IST" duration-ms="14469" status="PASS">
          <params>
            <param index="0">
              <value>
                <![CDATA["Login with valid email and invalid password"]]>
              </value>
            </param>
            <param index="1">
              <value>
                <![CDATA["M_VIGNESHWARAN_2026_05_05_SmartHospital_LoginFeature"]]>
              </value>
            </param>
          </params>
          <reporter-output>
          </reporter-output>
        </test-method> <!-- runScenario -->
        <test-method signature="runScenario(io.cucumber.testng.PickleWrapper,io.cucumber.testng.FeatureWrapper)[pri:0, instance:runner.TestRunner@3e08ff24]" started-at="2026-05-15T00:02:19 IST" name="runScenario" description="Runs Cucumber Scenarios" data-provider="scenarios" finished-at="2026-05-15T00:02:29 IST" duration-ms="10222" status="PASS">
          <params>
            <param index="0">
              <value>
                <![CDATA["Login with empty email and password"]]>
              </value>
            </param>
            <param index="1">
              <value>
                <![CDATA["M_VIGNESHWARAN_2026_05_05_SmartHospital_LoginFeature"]]>
              </value>
            </param>
          </params>
          <reporter-output>
          </reporter-output>
        </test-method> <!-- runScenario -->
        <test-method signature="runScenario(io.cucumber.testng.PickleWrapper,io.cucumber.testng.FeatureWrapper)[pri:0, instance:runner.TestRunner@3e08ff24]" started-at="2026-05-15T00:02:29 IST" name="runScenario" description="Runs Cucumber Scenarios" data-provider="scenarios" finished-at="2026-05-15T00:02:40 IST" duration-ms="11373" status="PASS">
          <params>
            <param index="0">
              <value>
                <![CDATA["Login with empty email"]]>
              </value>
            </param>
            <param index="1">
              <value>
                <![CDATA["M_VIGNESHWARAN_2026_05_05_SmartHospital_LoginFeature"]]>
              </value>
            </param>
          </params>
          <reporter-output>
          </reporter-output>
        </test-method> <!-- runScenario -->
        <test-method signature="runScenario(io.cucumber.testng.PickleWrapper,io.cucumber.testng.FeatureWrapper)[pri:0, instance:runner.TestRunner@3e08ff24]" started-at="2026-05-15T00:02:40 IST" name="runScenario" description="Runs Cucumber Scenarios" data-provider="scenarios" finished-at="2026-05-15T00:02:50 IST" duration-ms="9686" status="PASS">
          <params>
            <param index="0">
              <value>
                <![CDATA["Login with empty password"]]>
              </value>
            </param>
            <param index="1">
              <value>
                <![CDATA["M_VIGNESHWARAN_2026_05_05_SmartHospital_LoginFeature"]]>
              </value>
            </param>
          </params>
          <reporter-output>
          </reporter-output>
        </test-method> <!-- runScenario -->
        <test-method is-config="true" signature="tearDownClass()[pri:0, instance:runner.TestRunner@3e08ff24]" started-at="2026-05-15T00:02:50 IST" name="tearDownClass" finished-at="2026-05-15T00:02:54 IST" duration-ms="3619" status="PASS">
          <reporter-output>
          </reporter-output>
        </test-method> <!-- tearDownClass -->
      </class> <!-- runner.TestRunner -->
    </test> <!-- Surefire test -->
  </suite> <!-- Surefire suite -->
</testng-results>
