<?xml version="1.0" encoding="UTF-8"?>
<testsuite xmlns:xsi="http://www.w3.org/2001/XMLSchema-instance" xsi:noNamespaceSchemaLocation="https://maven.apache.org/surefire/maven-surefire-plugin/xsd/surefire-test-report-3.0.xsd" version="3.0" name="runner.TestRunner" time="149.626" tests="14" errors="0" skipped="0" failures="0">
  <properties>
[...]
</properties>
  <testcase name="runScenario[&quot;Login with empty email and password&quot;, &quot;M_VIGNESHWARAN_2026_05_05_SmartHospital_LoginFeature&quot;](1)" classname="runner.TestRunner" time="96.871">
    <system-out><![CDATA[
@negative
Scenario: Login with invalid email and password              # src/test/resources/features/login/login.feature:8

@ValidLoginWithOutline
Scenario Outline: Verify login functionality for multiple user roles # src/test/resources/features/login/login.feature:53

@negative
Scenario: Login with empty email and password                         # src/test/resources/features/login/login.feature:24

@negative
Scenario: Login with empty password                                 # src/test/resources/features/login/login.feature:38

@negative
Scenario: Login with empty email                                 # src/test/resources/features/login/login.feature:31

@ValidLoginWithOutline
Scenario Outline: Verify login functionality for multiple user roles # src/test/resources/features/login/login.feature:54

@ValidLoginWithOutline
Scenario Outline: Verify login functionality for multiple user roles # src/test/resources/features/login/login.feature:55

@ValidLoginWithOutline
Scenario Outline: Verify login functionality for multiple user roles # src/test/resources/features/login/login.feature:56

@negative
Scenario: Login with valid email and invalid password        # src/test/resources/features/login/login.feature:16

@ValidLoginWithOutline
Scenario Outline: Verify login functionality for multiple user roles # src/test/resources/features/login/login.feature:57
  ✔ Given the user launches the application                  # definitions.CommonStepDefinition.the_user_launches_the_application()
  ✔ Given the user launches the application                         # definitions.CommonStepDefinition.the_user_launches_the_application()
  ✔ Given the user launches the application                           # definitions.CommonStepDefinition.the_user_launches_the_application()
  ✔ And the user is on the login page                                 # definitions.LoginStepDefinition.the_user_is_on_the_login_page()
  ✔ When the user leaves the email field empty                        # definitions.LoginStepDefinition.the_user_leaves_the_email_field_empty()
  ✔ And the user leaves the password field empty                      # definitions.LoginStepDefinition.the_user_leaves_the_password_field_empty()
  ✔ Given the user launches the application                          # definitions.CommonStepDefinition.the_user_launches_the_application()
  ✔ Given the user launches the application                          # definitions.CommonStepDefinition.the_user_launches_the_application()
  ✔ And the user is on the login page                               # definitions.LoginStepDefinition.the_user_is_on_the_login_page()
  ✔ And the user is on the login page                                # definitions.LoginStepDefinition.the_user_is_on_the_login_page()
  ✔ When the user enters email                                      # definitions.LoginStepDefinition.the_user_enters_email()
  ✔ And the user leaves the password field empty                    # definitions.LoginStepDefinition.the_user_leaves_the_password_field_empty()
  ✔ When the user clicks the "Super Admin" button                    # definitions.LoginStepDefinition.the_user_clicks_the_button(java.lang.String)
  ✔ And clicks on the Login button                                    # definitions.LoginStepDefinition.clicks_on_the_login_button()
  ✔ Then validation messages should be displayed for mandatory fields # definitions.LoginStepDefinition.validation_messages_should_be_displayed_for_mandatory_fields()
  ✔ And the user is on the login page                                # definitions.LoginStepDefinition.the_user_is_on_the_login_page()
  ✔ And clicks on the Login button                                  # definitions.LoginStepDefinition.clicks_on_the_login_button()
  ✔ When the user clicks the "Pathologist" button                    # definitions.LoginStepDefinition.the_user_clicks_the_button(java.lang.String)
  ✔ Then a password required validation message should be displayed # definitions.LoginStepDefinition.a_password_required_validation_message_should_be_displayed()
  ✔ Given the user launches the application                          # definitions.CommonStepDefinition.the_user_launches_the_application()
  ✔ Given the user launches the application                      # definitions.CommonStepDefinition.the_user_launches_the_application()
  ✔ Given the user launches the application                  # definitions.CommonStepDefinition.the_user_launches_the_application()
  ✔ And the user is on the login page                        # definitions.LoginStepDefinition.the_user_is_on_the_login_page()
  ✔ And the user is on the login page                                # definitions.LoginStepDefinition.the_user_is_on_the_login_page()
  ✔ And the user is on the login page                            # definitions.LoginStepDefinition.the_user_is_on_the_login_page()
  ✔ When the user leaves the email field empty                   # definitions.LoginStepDefinition.the_user_leaves_the_email_field_empty()
  ✔ And clicks on the Login button                                   # definitions.LoginStepDefinition.clicks_on_the_login_button()
  ✔ Then the user should be redirected to the dashboard              # definitions.LoginStepDefinition.the_user_should_be_redirected_to_the_dashboard()
  ✔ When the user enters wrong email                         # definitions.LoginStepDefinition.the_user_enters_wrong_email()
  ✔ And the user enters password                                 # definitions.LoginStepDefinition.the_user_enters_password()
  ✔ When the user clicks the "Admin" button                          # definitions.LoginStepDefinition.the_user_clicks_the_button(java.lang.String)
  ✔ Given the user launches the application                          # definitions.CommonStepDefinition.the_user_launches_the_application()
  ✔ And the user enters wrong password                       # definitions.LoginStepDefinition.the_user_enters_wrong_password()
  ✔ And the role of the user in profile should "Super Admin"         # definitions.LoginStepDefinition.the_role_of_the_user_in_profile_should(java.lang.String)
  ✔ And clicks on the Login button                               # definitions.LoginStepDefinition.clicks_on_the_login_button()
  ✔ And clicks on the Login button                                   # definitions.LoginStepDefinition.clicks_on_the_login_button()
  ✔ And clicks on the Login button                           # definitions.LoginStepDefinition.clicks_on_the_login_button()
  ✔ Then the user should be redirected to the dashboard              # definitions.LoginStepDefinition.the_user_should_be_redirected_to_the_dashboard()
  ✔ And the user is on the login page                                # definitions.LoginStepDefinition.the_user_is_on_the_login_page()
  ✔ Then a email required validation message should be displayed # definitions.LoginStepDefinition.a_email_required_validation_message_should_be_displayed()
  ✔ Then an authentication error message should be displayed # definitions.LoginStepDefinition.an_authentication_error_message_should_be_displayed()
  ✔ And the user should remain on the login page             # definitions.LoginStepDefinition.the_user_should_remain_on_the_login_page()
  ✔ When the user clicks the "Pharmacist" button                     # definitions.LoginStepDefinition.the_user_clicks_the_button(java.lang.String)
  ✔ And the role of the user in profile should "Pathologist"         # definitions.LoginStepDefinition.the_role_of_the_user_in_profile_should(java.lang.String)
  ✔ And clicks on the Login button                                   # definitions.LoginStepDefinition.clicks_on_the_login_button()
  ✔ Then the user should be redirected to the dashboard              # definitions.LoginStepDefinition.the_user_should_be_redirected_to_the_dashboard()
  ✔ And the role of the user in profile should "Admin"               # definitions.LoginStepDefinition.the_role_of_the_user_in_profile_should(java.lang.String)
  ✔ Given the user launches the application                          # definitions.CommonStepDefinition.the_user_launches_the_application()
  ✔ And clicks on the Login button                                   # definitions.LoginStepDefinition.clicks_on_the_login_button()
  ✔ Then the user should be redirected to the dashboard              # definitions.LoginStepDefinition.the_user_should_be_redirected_to_the_dashboard()
  ✔ And the user is on the login page                        # definitions.LoginStepDefinition.the_user_is_on_the_login_page()
  ✔ And the user is on the login page                                # definitions.LoginStepDefinition.the_user_is_on_the_login_page()
  ✔ And the role of the user in profile should "Pharmacist"          # definitions.LoginStepDefinition.the_role_of_the_user_in_profile_should(java.lang.String)
  ✔ When the user enters email                               # definitions.LoginStepDefinition.the_user_enters_email()
  ✔ When the user clicks the "Doctor" button                         # definitions.LoginStepDefinition.the_user_clicks_the_button(java.lang.String)
  ✔ And the user enters wrong password                       # definitions.LoginStepDefinition.the_user_enters_wrong_password()
  ✔ And clicks on the Login button                           # definitions.LoginStepDefinition.clicks_on_the_login_button()
]]></system-out>
    <system-err><![CDATA[SLF4J(W): No SLF4J providers were found.
SLF4J(W): Defaulting to no-operation (NOP) logger implementation
SLF4J(W): See https://www.slf4j.org/codes.html#noProviders for further details.
May 15, 2026 6:24:49 AM org.openqa.selenium.devtools.CdpVersionFinder findNearestMatch
WARNING: Unable to find an exact match for CDP version 148, returning the closest version; found: 147; Please update to a Selenium version that supports CDP version 148
May 15, 2026 6:24:49 AM org.openqa.selenium.devtools.CdpVersionFinder findNearestMatch
WARNING: Unable to find an exact match for CDP version 148, returning the closest version; found: 147; Please update to a Selenium version that supports CDP version 148
May 15, 2026 6:24:49 AM org.openqa.selenium.devtools.CdpVersionFinder findNearestMatch
WARNING: Unable to find an exact match for CDP version 148, returning the closest version; found: 147; Please update to a Selenium version that supports CDP version 148
May 15, 2026 6:24:49 AM org.openqa.selenium.devtools.CdpVersionFinder findNearestMatch
WARNING: Unable to find an exact match for CDP version 148, returning the closest version; found: 147; Please update to a Selenium version that supports CDP version 148
May 15, 2026 6:24:49 AM org.openqa.selenium.devtools.CdpVersionFinder findNearestMatch
WARNING: Unable to find an exact match for CDP version 148, returning the closest version; found: 147; Please update to a Selenium version that supports CDP version 148
May 15, 2026 6:24:49 AM org.openqa.selenium.devtools.CdpVersionFinder findNearestMatch
WARNING: Unable to find an exact match for CDP version 148, returning the closest version; found: 147; Please update to a Selenium version that supports CDP version 148
May 15, 2026 6:24:49 AM org.openqa.selenium.devtools.CdpVersionFinder findNearestMatch
WARNING: Unable to find an exact match for CDP version 148, returning the closest version; found: 147; Please update to a Selenium version that supports CDP version 148
May 15, 2026 6:24:49 AM org.openqa.selenium.devtools.CdpVersionFinder findNearestMatch
WARNING: Unable to find an exact match for CDP version 148, returning the closest version; found: 147; Please update to a Selenium version that supports CDP version 148
May 15, 2026 6:24:49 AM org.openqa.selenium.devtools.CdpVersionFinder findNearestMatch
WARNING: Unable to find an exact match for CDP version 148, returning the closest version; found: 147; Please update to a Selenium version that supports CDP version 148
May 15, 2026 6:24:49 AM org.openqa.selenium.devtools.CdpVersionFinder findNearestMatch
WARNING: Unable to find an exact match for CDP version 148, returning the closest version; found: 147; Please update to a Selenium version that supports CDP version 148
]]></system-err>
  </testcase>
  <testcase name="runScenario[&quot;Login with empty password&quot;, &quot;M_VIGNESHWARAN_2026_05_05_SmartHospital_LoginFeature&quot;](2)" classname="runner.TestRunner" time="0.825">
    <system-out><![CDATA[
@ValidLoginWithOutline
Scenario Outline: Verify login functionality for multiple user roles # src/test/resources/features/login/login.feature:58
  ✔ Then an authentication error message should be displayed # definitions.LoginStepDefinition.an_authentication_error_message_should_be_displayed()
  ✔ And the user should remain on the login page             # definitions.LoginStepDefinition.the_user_should_remain_on_the_login_page()
]]></system-out>
  </testcase>
  <testcase name="runScenario[&quot;Verify login functionality for multiple user roles&quot;, &quot;M_VIGNESHWARAN_2026_05_05_SmartHospital_LoginFeature&quot;](3)" classname="runner.TestRunner" time="17.51">
    <system-out><![CDATA[
@ValidLoginWithOutline
Scenario Outline: Verify login functionality for multiple user roles # src/test/resources/features/login/login.feature:59
  ✔ Given the user launches the application                          # definitions.CommonStepDefinition.the_user_launches_the_application()
  ✔ And clicks on the Login button                                   # definitions.LoginStepDefinition.clicks_on_the_login_button()
  ✔ Then the user should be redirected to the dashboard              # definitions.LoginStepDefinition.the_user_should_be_redirected_to_the_dashboard()
  ✔ And the role of the user in profile should "Doctor"              # definitions.LoginStepDefinition.the_role_of_the_user_in_profile_should(java.lang.String)
  ✔ Given the user launches the application                          # definitions.CommonStepDefinition.the_user_launches_the_application()
  ✔ And the user is on the login page                                # definitions.LoginStepDefinition.the_user_is_on_the_login_page()
  ✔ When the user clicks the "Radiologist" button                    # definitions.LoginStepDefinition.the_user_clicks_the_button(java.lang.String)
  ✔ And the user is on the login page                                # definitions.LoginStepDefinition.the_user_is_on_the_login_page()
  ✔ When the user clicks the "Accountant" button                     # definitions.LoginStepDefinition.the_user_clicks_the_button(java.lang.String)
]]></system-out>
    <system-err><![CDATA[May 15, 2026 6:26:14 AM org.openqa.selenium.devtools.CdpVersionFinder findNearestMatch
WARNING: Unable to find an exact match for CDP version 148, returning the closest version; found: 147; Please update to a Selenium version that supports CDP version 148
May 15, 2026 6:26:15 AM org.openqa.selenium.devtools.CdpVersionFinder findNearestMatch
WARNING: Unable to find an exact match for CDP version 148, returning the closest version; found: 147; Please update to a Selenium version that supports CDP version 148
]]></system-err>
  </testcase>
  <testcase name="runScenario[&quot;Verify login functionality for multiple user roles&quot;, &quot;M_VIGNESHWARAN_2026_05_05_SmartHospital_LoginFeature&quot;](4)" classname="runner.TestRunner" time="2.241">
    <system-out><![CDATA[
@ValidLoginWithOutline
Scenario Outline: Verify login functionality for multiple user roles # src/test/resources/features/login/login.feature:60
]]></system-out>
  </testcase>
  <testcase name="runScenario[&quot;Login with empty email&quot;, &quot;M_VIGNESHWARAN_2026_05_05_SmartHospital_LoginFeature&quot;](5)" classname="runner.TestRunner" time="4.017">
    <system-out><![CDATA[
@ValidLoginWithOutline
Scenario Outline: Verify login functionality for multiple user roles # src/test/resources/features/login/login.feature:61
]]></system-out>
    <system-err><![CDATA[May 15, 2026 6:26:29 AM org.openqa.selenium.devtools.CdpVersionFinder findNearestMatch
WARNING: Unable to find an exact match for CDP version 148, returning the closest version; found: 147; Please update to a Selenium version that supports CDP version 148
]]></system-err>
  </testcase>
  <testcase name="runScenario[&quot;Login with invalid email and password&quot;, &quot;M_VIGNESHWARAN_2026_05_05_SmartHospital_LoginFeature&quot;](6)" classname="runner.TestRunner" time="11.127">
    <system-out><![CDATA[  ✔ And clicks on the Login button                                   # definitions.LoginStepDefinition.clicks_on_the_login_button()
  ✔ Then the user should be redirected to the dashboard              # definitions.LoginStepDefinition.the_user_should_be_redirected_to_the_dashboard()
  ✔ And clicks on the Login button                                   # definitions.LoginStepDefinition.clicks_on_the_login_button()
  ✔ Then the user should be redirected to the dashboard              # definitions.LoginStepDefinition.the_user_should_be_redirected_to_the_dashboard()
  ✔ And the role of the user in profile should "Radiologist"         # definitions.LoginStepDefinition.the_role_of_the_user_in_profile_should(java.lang.String)
]]></system-out>
    <system-err><![CDATA[May 15, 2026 6:26:34 AM org.openqa.selenium.devtools.CdpVersionFinder findNearestMatch
WARNING: Unable to find an exact match for CDP version 148, returning the closest version; found: 147; Please update to a Selenium version that supports CDP version 148
]]></system-err>
  </testcase>
  <testcase name="runScenario[&quot;Verify login functionality for multiple user roles&quot;, &quot;M_VIGNESHWARAN_2026_05_05_SmartHospital_LoginFeature&quot;](7)" classname="runner.TestRunner" time="11.241"/>
  <testcase name="runScenario[&quot;Verify login functionality for multiple user roles&quot;, &quot;M_VIGNESHWARAN_2026_05_05_SmartHospital_LoginFeature&quot;](8)" classname="runner.TestRunner" time="14.629">
    <system-out><![CDATA[  ✔ And the role of the user in profile should "Accountant"          # definitions.LoginStepDefinition.the_role_of_the_user_in_profile_should(java.lang.String)
  ✔ Given the user launches the application                          # definitions.CommonStepDefinition.the_user_launches_the_application()
  ✔ Given the user launches the application                          # definitions.CommonStepDefinition.the_user_launches_the_application()
]]></system-out>
  </testcase>
  <testcase name="runScenario[&quot;Login with valid email and invalid password&quot;, &quot;M_VIGNESHWARAN_2026_05_05_SmartHospital_LoginFeature&quot;](9)" classname="runner.TestRunner" time="15.289"/>
  <testcase name="runScenario[&quot;Verify login functionality for multiple user roles&quot;, &quot;M_VIGNESHWARAN_2026_05_05_SmartHospital_LoginFeature&quot;](10)" classname="runner.TestRunner" time="17.302">
    <system-out><![CDATA[  ✔ And the user is on the login page                                # definitions.LoginStepDefinition.the_user_is_on_the_login_page()
  ✔ When the user clicks the "Receptionist" button                   # definitions.LoginStepDefinition.the_user_clicks_the_button(java.lang.String)
  ✔ And the user is on the login page                                # definitions.LoginStepDefinition.the_user_is_on_the_login_page()
  ✔ When the user clicks the "Nurse" button                          # definitions.LoginStepDefinition.the_user_clicks_the_button(java.lang.String)
]]></system-out>
  </testcase>
  <testcase name="runScenario[&quot;Verify login functionality for multiple user roles&quot;, &quot;M_VIGNESHWARAN_2026_05_05_SmartHospital_LoginFeature&quot;](11)" classname="runner.TestRunner" time="17.725"/>
  <testcase name="runScenario[&quot;Verify login functionality for multiple user roles&quot;, &quot;M_VIGNESHWARAN_2026_05_05_SmartHospital_LoginFeature&quot;](12)" classname="runner.TestRunner" time="17.737"/>
  <testcase name="runScenario[&quot;Verify login functionality for multiple user roles&quot;, &quot;M_VIGNESHWARAN_2026_05_05_SmartHospital_LoginFeature&quot;](13)" classname="runner.TestRunner" time="28.455">
    <system-out><![CDATA[  ✔ And clicks on the Login button                                   # definitions.LoginStepDefinition.clicks_on_the_login_button()
  ✔ Then the user should be redirected to the dashboard              # definitions.LoginStepDefinition.the_user_should_be_redirected_to_the_dashboard()
  ✔ And the role of the user in profile should "Nurse"               # definitions.LoginStepDefinition.the_role_of_the_user_in_profile_should(java.lang.String)
  ✔ And clicks on the Login button                                   # definitions.LoginStepDefinition.clicks_on_the_login_button()
  ✔ Then the user should be redirected to the dashboard              # definitions.LoginStepDefinition.the_user_should_be_redirected_to_the_dashboard()
  ✔ And the role of the user in profile should "Receptionist"        # definitions.LoginStepDefinition.the_role_of_the_user_in_profile_should(java.lang.String)
]]></system-out>
  </testcase>
  <testcase name="runScenario[&quot;Verify login functionality for multiple user roles&quot;, &quot;M_VIGNESHWARAN_2026_05_05_SmartHospital_LoginFeature&quot;](14)" classname="runner.TestRunner" time="28.665"/>
</testsuite>