<?xml version="1.0" encoding="UTF-8"?>
<!-- Generated by org.testng.reporters.JUnitReportReporter -->
<testsuite hostname="VIGNESHWARAN" failures="0" tests="3" name="runner.TestRunner" time="71.856" errors="1" timestamp="2026-05-18T22:16:33 IST" skipped="0">
  <testcase classname="runner.TestRunner" name="runScenario" time="20.317"/>
  <testcase classname="runner.TestRunner" name="runScenario" time="30.656">
    <error message="element not interactable
  (Session info: chrome=148.0.7778.168)
Build info: version: &#039;4.43.0&#039;, revision: &#039;dd0f534&#039;
System info: os.name: &#039;Windows 11&#039;, os.arch: &#039;amd64&#039;, os.version: &#039;10.0&#039;, java.version: &#039;21.0.10&#039;
Driver info: org.openqa.selenium.chrome.ChromeDriver
Command: [c163c4b250931456568897fd41eeca9a, sendKeysToElement {id=f.2FBA83AAD23C2F01A1AE1ACCE15A04A7.d.FEEF07492C26201A1F342F0C42433368.e.154, value=[Ljava.lang.CharSequence;@6042d663}]
Capabilities {acceptInsecureCerts: false, browserName: chrome, browserVersion: 148.0.7778.168, chrome: {chromedriverVersion: 148.0.7778.167 (65db666ac2c..., userDataDir: C:\Users\vigne\AppData\Loca...}, fedcm:accounts: true, goog:chromeOptions: {debuggerAddress: localhost:59806}, goog:processID: 5108, networkConnectionEnabled: false, pageLoadStrategy: normal, platformName: windows, proxy: Proxy(), se:cdp: ws://localhost:59806/devtoo..., se:cdpVersion: 148.0.7778.168, setWindowRect: true, strictFileInteractability: false, timeouts: {implicit: 0, pageLoad: 300000, script: 30000}, unhandledPromptBehavior: dismiss and notify, webauthn:extension:credBlob: true, webauthn:extension:largeBlob: true, webauthn:extension:minPinLength: true, webauthn:extension:prf: true, webauthn:virtualAuthenticators: true}
Element: [[ChromeDriver: chrome on windows (c163c4b250931456568897fd41eeca9a)] -&gt; xpath: //input[contains(@placeholder,&#039;upi&#039;) or contains(@placeholder,&#039;UPI&#039;) or contains(@placeholder,&#039;okhdfcbank&#039;) or contains(@placeholder,&#039;@&#039;)]]
Session ID: c163c4b250931456568897fd41eeca9a" type="org.openqa.selenium.ElementNotInteractableException">
      <![CDATA[org.openqa.selenium.ElementNotInteractableException: element not interactable
  (Session info: chrome=148.0.7778.168)
Build info: version: '4.43.0', revision: 'dd0f534'
System info: os.name: 'Windows 11', os.arch: 'amd64', os.version: '10.0', java.version: '21.0.10'
Driver info: org.openqa.selenium.chrome.ChromeDriver
Command: [c163c4b250931456568897fd41eeca9a, sendKeysToElement {id=f.2FBA83AAD23C2F01A1AE1ACCE15A04A7.d.FEEF07492C26201A1F342F0C42433368.e.154, value=[Ljava.lang.CharSequence;@6042d663}]
Capabilities {acceptInsecureCerts: false, browserName: chrome, browserVersion: 148.0.7778.168, chrome: {chromedriverVersion: 148.0.7778.167 (65db666ac2c..., userDataDir: C:\Users\vigne\AppData\Loca...}, fedcm:accounts: true, goog:chromeOptions: {debuggerAddress: localhost:59806}, goog:processID: 5108, networkConnectionEnabled: false, pageLoadStrategy: normal, platformName: windows, proxy: Proxy(), se:cdp: ws://localhost:59806/devtoo..., se:cdpVersion: 148.0.7778.168, setWindowRect: true, strictFileInteractability: false, timeouts: {implicit: 0, pageLoad: 300000, script: 30000}, unhandledPromptBehavior: dismiss and notify, webauthn:extension:credBlob: true, webauthn:extension:largeBlob: true, webauthn:extension:minPinLength: true, webauthn:extension:prf: true, webauthn:virtualAuthenticators: true}
Element: [[ChromeDriver: chrome on windows (c163c4b250931456568897fd41eeca9a)] -> xpath: //input[contains(@placeholder,'upi') or contains(@placeholder,'UPI') or contains(@placeholder,'okhdfcbank') or contains(@placeholder,'@')]]
Session ID: c163c4b250931456568897fd41eeca9a
at org.openqa.selenium.remote.ErrorCodec.decode(ErrorCodec.java:169)
at org.openqa.selenium.remote.codec.w3c.W3CHttpResponseCodec.decode(W3CHttpResponseCodec.java:142)
at org.openqa.selenium.remote.codec.w3c.W3CHttpResponseCodec.decode(W3CHttpResponseCodec.java:49)
at org.openqa.selenium.remote.HttpCommandExecutor.execute(HttpCommandExecutor.java:223)
at org.openqa.selenium.remote.service.DriverCommandExecutor.invokeExecute(DriverCommandExecutor.java:216)
at org.openqa.selenium.remote.service.DriverCommandExecutor.execute(DriverCommandExecutor.java:174)
at org.openqa.selenium.remote.RemoteWebDriver.execute(RemoteWebDriver.java:606)
at org.openqa.selenium.remote.RemoteWebElement.execute(RemoteWebElement.java:223)
at org.openqa.selenium.remote.RemoteWebElement.sendKeys(RemoteWebElement.java:110)
at actions.BaseAction.sendKeys(BaseAction.java:48)
at actions.PathalogyAction.sendUpiId(PathalogyAction.java:133)
at definitions.PayPathologyStepDefinition.enter_the(PayPathologyStepDefinition.java:50)
at ✽.enter the "mythily@gmail.com"(file:///D:/SOURCE%20CODE/Automation%20Testing/AutomationTesting/src/test/resources/features/pathalogy/pay.feature:20)
]]>
    </error>
  </testcase> <!-- runScenario -->
  <testcase classname="runner.TestRunner" name="runScenario" time="20.883"/>
</testsuite> <!-- runner.TestRunner -->
