<?xml version="1.0" encoding="UTF-8"?>
<!-- Generated by org.testng.reporters.JUnitReportReporter -->
<testsuite hostname="Bat-Computer" failures="1" tests="10" name="runner.TestRunner" time="133.098" errors="1" timestamp="2026-05-19T10:35:21 IST" skipped="0">
  <testcase classname="runner.TestRunner" name="runScenario" time="15.284">
    <failure message="Report did not open/download successfully. expected [true] but found [false]" type="java.lang.AssertionError">
      <![CDATA[java.lang.AssertionError: Report did not open/download successfully. expected [true] but found [false]
at org.testng.Assert.fail(Assert.java:111)
at org.testng.Assert.failNotEquals(Assert.java:1590)
at org.testng.Assert.assertTrue(Assert.java:57)
at definitions.OPD_ReportDefinitions.the_report_should_be_downloaded_successfully(OPD_ReportDefinitions.java:47)
at ✽.the report should be downloaded successfully(file:///E:/SmartHospital/Automation-Testing-Project/src/test/resources/features/opd/report_download.feature:16)
]]>
    </failure>
  </testcase> <!-- runScenario -->
  <testcase classname="runner.TestRunner" name="runScenario" time="9.516"/>
  <testcase classname="runner.TestRunner" name="runScenario" time="11.149"/>
  <testcase classname="runner.TestRunner" name="runScenario" time="10.084"/>
  <testcase classname="runner.TestRunner" name="runScenario" time="21.125"/>
  <testcase classname="runner.TestRunner" name="runScenario" time="10.662"/>
  <testcase classname="runner.TestRunner" name="runScenario" time="10.269"/>
  <testcase classname="runner.TestRunner" name="runScenario" time="11.792"/>
  <testcase classname="runner.TestRunner" name="runScenario" time="12.758"/>
  <testcase classname="runner.TestRunner" name="runScenario" time="20.459">
    <error message="Expected condition failed: waiting for element found by By.xpath: //a[text() = &quot;Nurse&quot;] to be clickable, but the element was not found: org.openqa.selenium.NoSuchElementException: no such element: Unable to locate element: {&quot;method&quot;:&quot;xpath&quot;,&quot;selector&quot;:&quot;//a[text() = &quot;Nurse&quot;]&quot;}.
(tried for 10 seconds with 500 milliseconds interval)
Build info: version: &#039;4.43.0&#039;, revision: &#039;dd0f534&#039;
System info: os.name: &#039;Windows 11&#039;, os.arch: &#039;amd64&#039;, os.version: &#039;10.0&#039;, java.version: &#039;25&#039;
Driver info: org.openqa.selenium.chrome.ChromeDriver
Capabilities {acceptInsecureCerts: false, browserName: chrome, browserVersion: 148.0.7778.168, chrome: {chromedriverVersion: 148.0.7778.167 (65db666ac2c..., userDataDir: C:\Users\JERISH~1\AppData\L...}, fedcm:accounts: true, goog:chromeOptions: {debuggerAddress: localhost:64934}, goog:processID: 48960, networkConnectionEnabled: false, pageLoadStrategy: normal, platformName: windows, proxy: Proxy(), se:cdp: ws://localhost:64934/devtoo..., se:cdpVersion: 148.0.7778.168, setWindowRect: true, strictFileInteractability: false, timeouts: {implicit: 0, pageLoad: 300000, script: 30000}, unhandledPromptBehavior: dismiss and notify, webauthn:extension:credBlob: true, webauthn:extension:largeBlob: true, webauthn:extension:minPinLength: true, webauthn:extension:prf: true, webauthn:virtualAuthenticators: true}
Session ID: 9107345870bed86c0d464f4c4d810ba5" type="org.openqa.selenium.TimeoutException">
      <![CDATA[org.openqa.selenium.TimeoutException: Expected condition failed: waiting for element found by By.xpath: //a[text() = "Nurse"] to be clickable, but the element was not found: org.openqa.selenium.NoSuchElementException: no such element: Unable to locate element: {"method":"xpath","selector":"//a[text() = "Nurse"]"}.
(tried for 10 seconds with 500 milliseconds interval)
Build info: version: '4.43.0', revision: 'dd0f534'
System info: os.name: 'Windows 11', os.arch: 'amd64', os.version: '10.0', java.version: '25'
Driver info: org.openqa.selenium.chrome.ChromeDriver
Capabilities {acceptInsecureCerts: false, browserName: chrome, browserVersion: 148.0.7778.168, chrome: {chromedriverVersion: 148.0.7778.167 (65db666ac2c..., userDataDir: C:\Users\JERISH~1\AppData\L...}, fedcm:accounts: true, goog:chromeOptions: {debuggerAddress: localhost:64934}, goog:processID: 48960, networkConnectionEnabled: false, pageLoadStrategy: normal, platformName: windows, proxy: Proxy(), se:cdp: ws://localhost:64934/devtoo..., se:cdpVersion: 148.0.7778.168, setWindowRect: true, strictFileInteractability: false, timeouts: {implicit: 0, pageLoad: 300000, script: 30000}, unhandledPromptBehavior: dismiss and notify, webauthn:extension:credBlob: true, webauthn:extension:largeBlob: true, webauthn:extension:minPinLength: true, webauthn:extension:prf: true, webauthn:virtualAuthenticators: true}
Session ID: 9107345870bed86c0d464f4c4d810ba5
at org.openqa.selenium.support.ui.WebDriverWait.timeoutException(WebDriverWait.java:85)
at org.openqa.selenium.support.ui.FluentWait.until(FluentWait.java:234)
at actions.BaseAction.click(BaseAction.java:28)
at actions.LoginAction.clickLogin(LoginAction.java:81)
at definitions.ProfileStepDefinition.the_user_is_logged_into_the_smart_hospital_portal_with_roles_from_excel(ProfileStepDefinition.java:34)
at ✽.the user is logged into the Smart Hospital portal as role in Excel(file:///E:/SmartHospital/Automation-Testing-Project/src/test/resources/features/Profile/AttendaceDetails.feature:6)
]]>
    </error>
  </testcase> <!-- runScenario -->
</testsuite> <!-- runner.TestRunner -->
