<?xml version="1.0" encoding="UTF-8"?>
<!-- Generated by org.testng.reporters.JUnitReportReporter -->
<testsuite hostname="Muhindhar" failures="0" tests="3" name="runner.TestRunner" time="72.559" errors="0" timestamp="2026-05-14T23:16:15 IST" skipped="0">
  <testcase classname="runner.TestRunner" name="runScenario" time="22.897"/>
  <testcase classname="runner.TestRunner" name="runScenario" time="25.746"/>
  <testcase classname="runner.TestRunner" name="runScenario" time="23.916"/>
</testsuite> <!-- runner.TestRunner -->
