<?xml version="1.0" encoding="UTF-8"?>
<!-- Generated by org.testng.reporters.JUnitReportReporter -->
<testsuite hostname="VIGNESHWARAN" failures="0" tests="5" name="runner.TestRunner" time="60.145" errors="0" timestamp="2026-05-15T00:02:54 IST" skipped="0">
  <testcase classname="runner.TestRunner" name="runScenario" time="14.395"/>
  <testcase classname="runner.TestRunner" name="runScenario" time="10.222"/>
  <testcase classname="runner.TestRunner" name="runScenario" time="9.686"/>
  <testcase classname="runner.TestRunner" name="runScenario" time="14.469"/>
  <testcase classname="runner.TestRunner" name="runScenario" time="11.373"/>
</testsuite> <!-- runner.TestRunner -->
